<?xml version="1.0" encoding="UTF-8"?>
<robot generator="Robot 7.0 (Python 3.12.8 on win32)" generated="2025-01-16T20:58:26.169258" rpa="false" schemaversion="5">
<suite id="s1" name="Magento Home Page CI Test execution" source="D:\a\1\s\Tests">
<suite id="s1-s1" name="HomePage" source="D:\a\1\s\Tests\HomePage.robot">
<test id="s1-s1-t1" name="TC01 - Verify Page Title of Home Page" line="13">
<kw name="Launch the Magento E-Commerce HomePage" owner="HomePage_Keywords" type="SETUP">
<kw name="Launch Magento Application" owner="BaseFile">
<kw name="New Browser" owner="Browser">
<msg time="2025-01-16T20:58:27.755666" level="INFO">{"browser": "firefox", "headless": false, "chromiumSandbox": false, "devtools": false, "handleSIGHUP": true, "handleSIGINT": true, "handleSIGTERM": true, "slowMo": 0.0, "timeout": 30000.0, "tracesDir": "D:\\a\\1\\s\\docs\\browser\\traces\\9e3f0444-8b50-4ebb-92d3-33e00febcc82"}</msg>
<msg time="2025-01-16T20:58:28.891476" level="INFO">Successfully created browser with options: {"browser":"firefox","headless":false,"chromiumSandbox":false,"devtools":false,"handleSIGHUP":true,"handleSIGINT":true,"handleSIGTERM":true,"slowMo":0,"timeout":30000,"tracesDir":"D:\\a\\1\\s\\docs\\browser\\traces\\9e3f0444-8b50-4ebb-92d3-33e00febcc82"}</msg>
<arg>${browser}</arg>
<arg>false</arg>
<tag>BrowserControl</tag>
<tag>Setter</tag>
<doc>Create a new playwright Browser with specified options.</doc>
<status status="PASS" start="2025-01-16T20:58:27.755666" elapsed="1.135810"/>
</kw>
<kw name="New Context" owner="Browser">
<msg time="2025-01-16T20:58:28.891476" level="INFO">{
  "acceptDownloads": true,
  "bypassCSP": false,
  "forcedColors": "none",
  "ignoreHTTPSErrors": false,
  "javaScriptEnabled": true,
  "offline": false,
  "reducedMotion": "no-preference",
  "serviceWorkers": "allow",
  "viewport": {
    "width": 1280,
    "height": 720
  }
}</msg>
<msg time="2025-01-16T20:58:29.362808" level="INFO">Successfully created context. </msg>
<msg time="2025-01-16T20:58:29.362808" level="INFO">{'acceptDownloads': True, 'bypassCSP': False, 'forcedColors': 'none', 'ignoreHTTPSErrors': False, 'javaScriptEnabled': True, 'offline': False, 'reducedMotion': 'no-preference', 'serviceWorkers': 'allow', 'viewport': {'width': 1280, 'height': 720}}</msg>
<tag>BrowserControl</tag>
<tag>Setter</tag>
<doc>Create a new BrowserContext with specified options.</doc>
<status status="PASS" start="2025-01-16T20:58:28.891476" elapsed="0.471332"/>
</kw>
<kw name="New Page" owner="Browser">
<msg time="2025-01-16T20:58:43.991956" level="INFO">Keyword 'Take Screenshot  fail-screenshot-{index}' could not be run on failure:
Error: Tried to take screenshot, but no page was open.</msg>
<msg time="2025-01-16T20:58:43.991956" level="INFO">See also file:///D:/a/1/s/docs/playwright-log.txt for additional details.</msg>
<msg time="2025-01-16T20:58:43.991956" level="FAIL">TimeoutError: page.goto: Timeout 10000ms exceeded.
Call log:
  [2m- navigating to "https://magento.softwaretestingboard.com/", waiting until "load"[22m

Tip: Use "Set Browser Timeout" for increasing the timeout.</msg>
<arg>${url}</arg>
<tag>BrowserControl</tag>
<tag>Setter</tag>
<doc>Open a new Page.</doc>
<status status="FAIL" start="2025-01-16T20:58:29.362808" elapsed="14.730983">TimeoutError: page.goto: Timeout 10000ms exceeded.
Call log:
  [2m- navigating to "https://magento.softwaretestingboard.com/", waiting until "load"[22m

Tip: Use "Set Browser Timeout" for increasing the timeout.</status>
</kw>
<arg>${BROWSER}</arg>
<arg>${APP_URL}</arg>
<doc>Launches the Magento Application into the desired browser for test execution</doc>
<status status="FAIL" start="2025-01-16T20:58:27.755155" elapsed="16.338636">TimeoutError: page.goto: Timeout 10000ms exceeded.
Call log:
  [2m- navigating to "https://magento.softwaretestingboard.com/", waiting until "load"[22m

Tip: Use "Set Browser Timeout" for increasing the timeout.</status>
</kw>
<doc>Method to Launch the Magento E-Commerce Home Page</doc>
<status status="FAIL" start="2025-01-16T20:58:27.754670" elapsed="16.339121">TimeoutError: page.goto: Timeout 10000ms exceeded.
Call log:
  [2m- navigating to "https://magento.softwaretestingboard.com/", waiting until "load"[22m

Tip: Use "Set Browser Timeout" for increasing the timeout.</status>
</kw>
<kw name="Close Browser" owner="Browser" type="TEARDOWN">
<msg time="2025-01-16T20:58:45.059184" level="INFO">Closed all browsers</msg>
<arg>ALL</arg>
<tag>BrowserControl</tag>
<tag>Setter</tag>
<doc>Closes the current browser.</doc>
<status status="PASS" start="2025-01-16T20:58:44.094407" elapsed="0.965307"/>
</kw>
<doc>Test to Verify the Page Title of Magento E-Commerce Home Page</doc>
<tag>HomePage</tag>
<tag>MEC-1</tag>
<status status="FAIL" start="2025-01-16T20:58:27.741658" elapsed="17.318056">Setup failed:
TimeoutError: page.goto: Timeout 10000ms exceeded.
Call log:
  [2m- navigating to "https://magento.softwaretestingboard.com/", waiting until "load"[22m

Tip: Use "Set Browser Timeout" for increasing the timeout.</status>
</test>
<test id="s1-s1-t2" name="TC02 - Select Brand Logo Icon on Home Page" line="19">
<kw name="Launch the Magento E-Commerce HomePage" owner="HomePage_Keywords" type="SETUP">
<kw name="Launch Magento Application" owner="BaseFile">
<kw name="New Browser" owner="Browser">
<msg time="2025-01-16T20:58:45.087523" level="INFO">{"browser": "firefox", "headless": false, "chromiumSandbox": false, "devtools": false, "handleSIGHUP": true, "handleSIGINT": true, "handleSIGTERM": true, "slowMo": 0.0, "timeout": 30000.0, "tracesDir": "D:\\a\\1\\s\\docs\\browser\\traces\\3dee5c5e-5f9b-48db-8e74-49275bd9c4f5"}</msg>
<msg time="2025-01-16T20:58:45.638277" level="INFO">Successfully created browser with options: {"browser":"firefox","headless":false,"chromiumSandbox":false,"devtools":false,"handleSIGHUP":true,"handleSIGINT":true,"handleSIGTERM":true,"slowMo":0,"timeout":30000,"tracesDir":"D:\\a\\1\\s\\docs\\browser\\traces\\3dee5c5e-5f9b-48db-8e74-49275bd9c4f5"}</msg>
<arg>${browser}</arg>
<arg>false</arg>
<tag>BrowserControl</tag>
<tag>Setter</tag>
<doc>Create a new playwright Browser with specified options.</doc>
<status status="PASS" start="2025-01-16T20:58:45.087523" elapsed="0.550754"/>
</kw>
<kw name="New Context" owner="Browser">
<msg time="2025-01-16T20:58:45.638277" level="INFO">{
  "acceptDownloads": true,
  "bypassCSP": false,
  "forcedColors": "none",
  "ignoreHTTPSErrors": false,
  "javaScriptEnabled": true,
  "offline": false,
  "reducedMotion": "no-preference",
  "serviceWorkers": "allow",
  "viewport": {
    "width": 1280,
    "height": 720
  }
}</msg>
<msg time="2025-01-16T20:58:45.701098" level="INFO">Successfully created context. </msg>
<msg time="2025-01-16T20:58:45.701098" level="INFO">{'acceptDownloads': True, 'bypassCSP': False, 'forcedColors': 'none', 'ignoreHTTPSErrors': False, 'javaScriptEnabled': True, 'offline': False, 'reducedMotion': 'no-preference', 'serviceWorkers': 'allow', 'viewport': {'width': 1280, 'height': 720}}</msg>
<tag>BrowserControl</tag>
<tag>Setter</tag>
<doc>Create a new BrowserContext with specified options.</doc>
<status status="PASS" start="2025-01-16T20:58:45.638277" elapsed="0.062821"/>
</kw>
<kw name="New Page" owner="Browser">
<msg time="2025-01-16T20:58:48.387041" level="INFO">Successfully initialized new page object and opened url: https://magento.softwaretestingboard.com/</msg>
<arg>${url}</arg>
<tag>BrowserControl</tag>
<tag>Setter</tag>
<doc>Open a new Page.</doc>
<status status="PASS" start="2025-01-16T20:58:45.701098" elapsed="2.685943"/>
</kw>
<arg>${BROWSER}</arg>
<arg>${APP_URL}</arg>
<doc>Launches the Magento Application into the desired browser for test execution</doc>
<status status="PASS" start="2025-01-16T20:58:45.087523" elapsed="3.299518"/>
</kw>
<doc>Method to Launch the Magento E-Commerce Home Page</doc>
<status status="PASS" start="2025-01-16T20:58:45.087523" elapsed="3.305530"/>
</kw>
<kw name="Select the Brand Logo Icon on HomePage" owner="HomePage_Keywords">
<kw name="Log" owner="BuiltIn">
<msg time="2025-01-16T20:58:48.393053" level="INFO">Clicking on Brand logo icon on Homepage</msg>
<arg>Clicking on Brand logo icon on Homepage</arg>
<arg>console=true</arg>
<doc>Logs the given message with the given level.</doc>
<status status="PASS" start="2025-01-16T20:58:48.393053" elapsed="0.000000"/>
</kw>
<kw name="Click" owner="Browser">
<msg time="2025-01-16T20:58:48.393053" level="INFO">Clicks the element 'css=a.logo'.</msg>
<arg>${brand_logo_locator_homePage}</arg>
<tag>PageContent</tag>
<tag>Setter</tag>
<doc>Simulates mouse click on the element found by ``selector``.</doc>
<status status="PASS" start="2025-01-16T20:58:48.393053" elapsed="0.804004"/>
</kw>
<kw name="Verify Page Title" owner="BaseFile">
<kw name="Get Title" owner="Browser">
<msg time="2025-01-16T20:58:49.255057" level="INFO">Title: 'Home Page'</msg>
<msg time="2025-01-16T20:58:49.255057" level="INFO">${actual_title} = Home Page</msg>
<var>${actual_title}</var>
<tag>Assertion</tag>
<tag>Getter</tag>
<tag>PageContent</tag>
<doc>Returns the title of the current page.</doc>
<status status="PASS" start="2025-01-16T20:58:49.197057" elapsed="0.058000"/>
</kw>
<kw name="Log" owner="BuiltIn">
<msg time="2025-01-16T20:58:49.256058" level="INFO">Current page title is: Home Page</msg>
<arg>Current page title is: ${actual_title}</arg>
<doc>Logs the given message with the given level.</doc>
<status status="PASS" start="2025-01-16T20:58:49.255057" elapsed="0.001001"/>
</kw>
<kw name="Should Be Equal" owner="BuiltIn">
<arg>${actual_title}</arg>
<arg>${expected_title}</arg>
<arg>Actual Page title is: ${actual_title} and expected page title is: ${expected_title}</arg>
<doc>Fails if the given objects are unequal.</doc>
<status status="PASS" start="2025-01-16T20:58:49.256058" elapsed="0.000000"/>
</kw>
<arg>${Magento_E-commerce_HomePageTitle}</arg>
<doc>Keyword to Verify the Page Title with the expected title</doc>
<status status="PASS" start="2025-01-16T20:58:49.197057" elapsed="0.059001"/>
</kw>
<doc>Click on the Brand Logo Icon on HomePage</doc>
<status status="PASS" start="2025-01-16T20:58:48.393053" elapsed="0.863005"/>
</kw>
<kw name="Wait For Load State" owner="Browser">
<msg time="2025-01-16T20:58:49.257058" level="INFO">Waiting page load to state to receive domcontentloaded in 10000.0</msg>
<msg time="2025-01-16T20:58:49.397716" level="INFO">Load state domcontentloaded got in 10000</msg>
<arg>state=domcontentloaded</arg>
<tag>PageContent</tag>
<tag>Wait</tag>
<doc>Waits that the page reaches the required load state.</doc>
<status status="PASS" start="2025-01-16T20:58:49.256058" elapsed="0.142658"/>
</kw>
<kw name="Verify the Title of Magento E-Commerce HomePage" owner="HomePage_Keywords">
<kw name="Verify Page Title" owner="BaseFile">
<kw name="Get Title" owner="Browser">
<msg time="2025-01-16T20:58:49.411716" level="INFO">Title: 'Home Page'</msg>
<msg time="2025-01-16T20:58:49.411716" level="INFO">${actual_title} = Home Page</msg>
<var>${actual_title}</var>
<tag>Assertion</tag>
<tag>Getter</tag>
<tag>PageContent</tag>
<doc>Returns the title of the current page.</doc>
<status status="PASS" start="2025-01-16T20:58:49.399716" elapsed="0.012000"/>
</kw>
<kw name="Log" owner="BuiltIn">
<msg time="2025-01-16T20:58:49.412715" level="INFO">Current page title is: Home Page</msg>
<arg>Current page title is: ${actual_title}</arg>
<doc>Logs the given message with the given level.</doc>
<status status="PASS" start="2025-01-16T20:58:49.412715" elapsed="0.000000"/>
</kw>
<kw name="Should Be Equal" owner="BuiltIn">
<arg>${actual_title}</arg>
<arg>${expected_title}</arg>
<arg>Actual Page title is: ${actual_title} and expected page title is: ${expected_title}</arg>
<doc>Fails if the given objects are unequal.</doc>
<status status="PASS" start="2025-01-16T20:58:49.412715" elapsed="0.000000"/>
</kw>
<arg>${Magento_E-commerce_HomePageTitle}</arg>
<doc>Keyword to Verify the Page Title with the expected title</doc>
<status status="PASS" start="2025-01-16T20:58:49.399716" elapsed="0.013999"/>
</kw>
<doc>Method to verify the title of Magento E-Commerce Home Page</doc>
<status status="PASS" start="2025-01-16T20:58:49.398716" elapsed="0.014999"/>
</kw>
<kw name="Take Screenshot" owner="Browser">
<msg time="2025-01-16T20:58:49.633520" level="INFO" html="true">&lt;/td&gt;&lt;/tr&gt;&lt;tr&gt;&lt;td colspan="3"&gt;&lt;a href="browser/screenshot/robotframework-browser-screenshot-1.png" target="_blank"&gt;&lt;img src="browser/screenshot/robotframework-browser-screenshot-1.png" width="800px"/&gt;&lt;/a&gt;</msg>
<tag>PageContent</tag>
<doc>Takes a screenshot of the current window or element and saves it to disk.</doc>
<status status="PASS" start="2025-01-16T20:58:49.413715" elapsed="0.219805"/>
</kw>
<kw name="Close Browser" owner="Browser" type="TEARDOWN">
<msg time="2025-01-16T20:58:51.447743" level="INFO">Closed all browsers</msg>
<arg>ALL</arg>
<tag>BrowserControl</tag>
<tag>Setter</tag>
<doc>Closes the current browser.</doc>
<status status="PASS" start="2025-01-16T20:58:49.634518" elapsed="1.813756"/>
</kw>
<doc>Test to Verify the Page Title of Magento E-Commerce Home Page</doc>
<tag>HomePage</tag>
<tag>MEC-2</tag>
<status status="PASS" start="2025-01-16T20:58:45.087523" elapsed="6.360751"/>
</test>
<test id="s1-s1-t3" name="TC03 - Verify Navigation to Login Page" line="27">
<kw name="Launch the Magento E-Commerce HomePage" owner="HomePage_Keywords" type="SETUP">
<kw name="Launch Magento Application" owner="BaseFile">
<kw name="New Browser" owner="Browser">
<msg time="2025-01-16T20:58:51.477668" level="INFO">{"browser": "firefox", "headless": false, "chromiumSandbox": false, "devtools": false, "handleSIGHUP": true, "handleSIGINT": true, "handleSIGTERM": true, "slowMo": 0.0, "timeout": 30000.0, "tracesDir": "D:\\a\\1\\s\\docs\\browser\\traces\\475c2540-5a37-46af-9ce9-8828b7a92160"}</msg>
<msg time="2025-01-16T20:58:52.040513" level="INFO">Successfully created browser with options: {"browser":"firefox","headless":false,"chromiumSandbox":false,"devtools":false,"handleSIGHUP":true,"handleSIGINT":true,"handleSIGTERM":true,"slowMo":0,"timeout":30000,"tracesDir":"D:\\a\\1\\s\\docs\\browser\\traces\\475c2540-5a37-46af-9ce9-8828b7a92160"}</msg>
<arg>${browser}</arg>
<arg>false</arg>
<tag>BrowserControl</tag>
<tag>Setter</tag>
<doc>Create a new playwright Browser with specified options.</doc>
<status status="PASS" start="2025-01-16T20:58:51.477668" elapsed="0.562845"/>
</kw>
<kw name="New Context" owner="Browser">
<msg time="2025-01-16T20:58:52.040513" level="INFO">{
  "acceptDownloads": true,
  "bypassCSP": false,
  "forcedColors": "none",
  "ignoreHTTPSErrors": false,
  "javaScriptEnabled": true,
  "offline": false,
  "reducedMotion": "no-preference",
  "serviceWorkers": "allow",
  "viewport": {
    "width": 1280,
    "height": 720
  }
}</msg>
<msg time="2025-01-16T20:58:52.077090" level="INFO">Successfully created context. </msg>
<msg time="2025-01-16T20:58:52.077090" level="INFO">{'acceptDownloads': True, 'bypassCSP': False, 'forcedColors': 'none', 'ignoreHTTPSErrors': False, 'javaScriptEnabled': True, 'offline': False, 'reducedMotion': 'no-preference', 'serviceWorkers': 'allow', 'viewport': {'width': 1280, 'height': 720}}</msg>
<tag>BrowserControl</tag>
<tag>Setter</tag>
<doc>Create a new BrowserContext with specified options.</doc>
<status status="PASS" start="2025-01-16T20:58:52.040513" elapsed="0.036577"/>
</kw>
<kw name="New Page" owner="Browser">
<msg time="2025-01-16T20:58:56.338912" level="INFO">Successfully initialized new page object and opened url: https://magento.softwaretestingboard.com/</msg>
<arg>${url}</arg>
<tag>BrowserControl</tag>
<tag>Setter</tag>
<doc>Open a new Page.</doc>
<status status="PASS" start="2025-01-16T20:58:52.077090" elapsed="4.261822"/>
</kw>
<arg>${BROWSER}</arg>
<arg>${APP_URL}</arg>
<doc>Launches the Magento Application into the desired browser for test execution</doc>
<status status="PASS" start="2025-01-16T20:58:51.477668" elapsed="4.861244"/>
</kw>
<doc>Method to Launch the Magento E-Commerce Home Page</doc>
<status status="PASS" start="2025-01-16T20:58:51.477668" elapsed="4.861244"/>
</kw>
<kw name="Select Sign In link on Home Page" owner="HomePage_Keywords">
<kw name="Log" owner="BuiltIn">
<msg time="2025-01-16T20:58:56.340912" level="INFO">Clicking on Sign In link on Magento Home Page</msg>
<arg>Clicking on Sign In link on Magento Home Page</arg>
<arg>console=true</arg>
<doc>Logs the given message with the given level.</doc>
<status status="PASS" start="2025-01-16T20:58:56.340912" elapsed="0.000000"/>
</kw>
<kw name="Click" owner="Browser">
<msg time="2025-01-16T20:58:56.341912" level="INFO">Clicks the element 'xpath=(//li[@class='authorization-link']//a)[1]'.</msg>
<arg>${sign_In_link_locator_homePage}</arg>
<tag>PageContent</tag>
<tag>Setter</tag>
<doc>Simulates mouse click on the element found by ``selector``.</doc>
<status status="PASS" start="2025-01-16T20:58:56.340912" elapsed="0.944461"/>
</kw>
<doc>Click on Sign In link on Magento Home Page and verify user navigation to Sign In Page</doc>
<status status="PASS" start="2025-01-16T20:58:56.339912" elapsed="0.945461"/>
</kw>
<kw name="Wait For Load State" owner="Browser">
<msg time="2025-01-16T20:58:57.286373" level="INFO">Waiting page load to state to receive domcontentloaded in 10000.0</msg>
<msg time="2025-01-16T20:58:57.479770" level="INFO">Load state domcontentloaded got in 10000</msg>
<arg>state=domcontentloaded</arg>
<tag>PageContent</tag>
<tag>Wait</tag>
<doc>Waits that the page reaches the required load state.</doc>
<status status="PASS" start="2025-01-16T20:58:57.285373" elapsed="0.195397"/>
</kw>
<kw name="Verify Page Title" owner="BaseFile">
<kw name="Get Title" owner="Browser">
<msg time="2025-01-16T20:58:57.496773" level="INFO">Title: 'Customer Login'</msg>
<msg time="2025-01-16T20:58:57.496773" level="INFO">${actual_title} = Customer Login</msg>
<var>${actual_title}</var>
<tag>Assertion</tag>
<tag>Getter</tag>
<tag>PageContent</tag>
<doc>Returns the title of the current page.</doc>
<status status="PASS" start="2025-01-16T20:58:57.481770" elapsed="0.015003"/>
</kw>
<kw name="Log" owner="BuiltIn">
<msg time="2025-01-16T20:58:57.497771" level="INFO">Current page title is: Customer Login</msg>
<arg>Current page title is: ${actual_title}</arg>
<doc>Logs the given message with the given level.</doc>
<status status="PASS" start="2025-01-16T20:58:57.496773" elapsed="0.000998"/>
</kw>
<kw name="Should Be Equal" owner="BuiltIn">
<arg>${actual_title}</arg>
<arg>${expected_title}</arg>
<arg>Actual Page title is: ${actual_title} and expected page title is: ${expected_title}</arg>
<doc>Fails if the given objects are unequal.</doc>
<status status="PASS" start="2025-01-16T20:58:57.497771" elapsed="0.000000"/>
</kw>
<arg>${Login_Page_Title}</arg>
<doc>Keyword to Verify the Page Title with the expected title</doc>
<status status="PASS" start="2025-01-16T20:58:57.480770" elapsed="0.017001"/>
</kw>
<kw name="Take Screenshot" owner="Browser">
<msg time="2025-01-16T20:58:57.646688" level="INFO" html="true">&lt;/td&gt;&lt;/tr&gt;&lt;tr&gt;&lt;td colspan="3"&gt;&lt;a href="browser/screenshot/robotframework-browser-screenshot-2.png" target="_blank"&gt;&lt;img src="browser/screenshot/robotframework-browser-screenshot-2.png" width="800px"/&gt;&lt;/a&gt;</msg>
<tag>PageContent</tag>
<doc>Takes a screenshot of the current window or element and saves it to disk.</doc>
<status status="PASS" start="2025-01-16T20:58:57.498771" elapsed="0.147917"/>
</kw>
<kw name="Close Browser" owner="Browser" type="TEARDOWN">
<msg time="2025-01-16T20:58:58.654660" level="INFO">Closed all browsers</msg>
<arg>ALL</arg>
<tag>BrowserControl</tag>
<tag>Setter</tag>
<doc>Closes the current browser.</doc>
<status status="PASS" start="2025-01-16T20:58:57.646688" elapsed="1.007972"/>
</kw>
<doc>Select Sign In link on Home Page &amp; verify user navigation to Login page</doc>
<tag>HomePage</tag>
<tag>MEC-3</tag>
<status status="PASS" start="2025-01-16T20:58:51.477158" elapsed="7.178026"/>
</test>
<test id="s1-s1-t4" name="TC04 - Verify Navigation to 'Create an Account' Page" line="35">
<kw name="Launch the Magento E-Commerce HomePage" owner="HomePage_Keywords" type="SETUP">
<kw name="Launch Magento Application" owner="BaseFile">
<kw name="New Browser" owner="Browser">
<msg time="2025-01-16T20:58:58.684095" level="INFO">{"browser": "firefox", "headless": false, "chromiumSandbox": false, "devtools": false, "handleSIGHUP": true, "handleSIGINT": true, "handleSIGTERM": true, "slowMo": 0.0, "timeout": 30000.0, "tracesDir": "D:\\a\\1\\s\\docs\\browser\\traces\\1b84c671-7979-41b6-9b0b-1215fb5927d2"}</msg>
<msg time="2025-01-16T20:58:59.236765" level="INFO">Successfully created browser with options: {"browser":"firefox","headless":false,"chromiumSandbox":false,"devtools":false,"handleSIGHUP":true,"handleSIGINT":true,"handleSIGTERM":true,"slowMo":0,"timeout":30000,"tracesDir":"D:\\a\\1\\s\\docs\\browser\\traces\\1b84c671-7979-41b6-9b0b-1215fb5927d2"}</msg>
<arg>${browser}</arg>
<arg>false</arg>
<tag>BrowserControl</tag>
<tag>Setter</tag>
<doc>Create a new playwright Browser with specified options.</doc>
<status status="PASS" start="2025-01-16T20:58:58.684095" elapsed="0.552670"/>
</kw>
<kw name="New Context" owner="Browser">
<msg time="2025-01-16T20:58:59.251275" level="INFO">{
  "acceptDownloads": true,
  "bypassCSP": false,
  "forcedColors": "none",
  "ignoreHTTPSErrors": false,
  "javaScriptEnabled": true,
  "offline": false,
  "reducedMotion": "no-preference",
  "serviceWorkers": "allow",
  "viewport": {
    "width": 1280,
    "height": 720
  }
}</msg>
<msg time="2025-01-16T20:58:59.266982" level="INFO">Successfully created context. </msg>
<msg time="2025-01-16T20:58:59.266982" level="INFO">{'acceptDownloads': True, 'bypassCSP': False, 'forcedColors': 'none', 'ignoreHTTPSErrors': False, 'javaScriptEnabled': True, 'offline': False, 'reducedMotion': 'no-preference', 'serviceWorkers': 'allow', 'viewport': {'width': 1280, 'height': 720}}</msg>
<tag>BrowserControl</tag>
<tag>Setter</tag>
<doc>Create a new BrowserContext with specified options.</doc>
<status status="PASS" start="2025-01-16T20:58:59.236765" elapsed="0.030217"/>
</kw>
<kw name="New Page" owner="Browser">
<msg time="2025-01-16T20:59:04.981396" level="INFO">Successfully initialized new page object and opened url: https://magento.softwaretestingboard.com/</msg>
<arg>${url}</arg>
<tag>BrowserControl</tag>
<tag>Setter</tag>
<doc>Open a new Page.</doc>
<status status="PASS" start="2025-01-16T20:58:59.266982" elapsed="5.715414"/>
</kw>
<arg>${BROWSER}</arg>
<arg>${APP_URL}</arg>
<doc>Launches the Magento Application into the desired browser for test execution</doc>
<status status="PASS" start="2025-01-16T20:58:58.684095" elapsed="6.298301"/>
</kw>
<doc>Method to Launch the Magento E-Commerce Home Page</doc>
<status status="PASS" start="2025-01-16T20:58:58.684095" elapsed="6.298301"/>
</kw>
<kw name="Select 'Create an Account' link on Home Page" owner="HomePage_Keywords">
<kw name="Log" owner="BuiltIn">
<msg time="2025-01-16T20:59:04.983396" level="INFO">Clicking on 'Create an Account' link on Home Page</msg>
<arg>Clicking on 'Create an Account' link on Home Page</arg>
<arg>console=true</arg>
<doc>Logs the given message with the given level.</doc>
<status status="PASS" start="2025-01-16T20:59:04.983396" elapsed="0.000000"/>
</kw>
<kw name="Click" owner="Browser">
<msg time="2025-01-16T20:59:04.984397" level="INFO">Clicks the element 'xpath=(//li//a[text()='Create an Account'])[1]'.</msg>
<arg>${create-an-account-link_locator_homePage}</arg>
<tag>PageContent</tag>
<tag>Setter</tag>
<doc>Simulates mouse click on the element found by ``selector``.</doc>
<status status="PASS" start="2025-01-16T20:59:04.983396" elapsed="0.751330"/>
</kw>
<doc>Click on 'Create an Account' link on Home Page</doc>
<status status="PASS" start="2025-01-16T20:59:04.982396" elapsed="0.752330"/>
</kw>
<kw name="Wait For Load State" owner="Browser">
<msg time="2025-01-16T20:59:05.735724" level="INFO">Waiting page load to state to receive domcontentloaded in 10000.0</msg>
<msg time="2025-01-16T20:59:05.853997" level="INFO">Load state domcontentloaded got in 10000</msg>
<arg>state=domcontentloaded</arg>
<tag>PageContent</tag>
<tag>Wait</tag>
<doc>Waits that the page reaches the required load state.</doc>
<status status="PASS" start="2025-01-16T20:59:05.735724" elapsed="0.118273"/>
</kw>
<kw name="Verify Page Title" owner="BaseFile">
<kw name="Get Title" owner="Browser">
<msg time="2025-01-16T20:59:05.865998" level="INFO">Title: 'Create New Customer Account'</msg>
<msg time="2025-01-16T20:59:05.865998" level="INFO">${actual_title} = Create New Customer Account</msg>
<var>${actual_title}</var>
<tag>Assertion</tag>
<tag>Getter</tag>
<tag>PageContent</tag>
<doc>Returns the title of the current page.</doc>
<status status="PASS" start="2025-01-16T20:59:05.855000" elapsed="0.010998"/>
</kw>
<kw name="Log" owner="BuiltIn">
<msg time="2025-01-16T20:59:05.865998" level="INFO">Current page title is: Create New Customer Account</msg>
<arg>Current page title is: ${actual_title}</arg>
<doc>Logs the given message with the given level.</doc>
<status status="PASS" start="2025-01-16T20:59:05.865998" elapsed="0.000000"/>
</kw>
<kw name="Should Be Equal" owner="BuiltIn">
<arg>${actual_title}</arg>
<arg>${expected_title}</arg>
<arg>Actual Page title is: ${actual_title} and expected page title is: ${expected_title}</arg>
<doc>Fails if the given objects are unequal.</doc>
<status status="PASS" start="2025-01-16T20:59:05.865998" elapsed="0.000999"/>
</kw>
<arg>${Create-an-Account_Page_Title}</arg>
<doc>Keyword to Verify the Page Title with the expected title</doc>
<status status="PASS" start="2025-01-16T20:59:05.855000" elapsed="0.011997"/>
</kw>
<kw name="Take Screenshot" owner="Browser">
<msg time="2025-01-16T20:59:05.958690" level="INFO" html="true">&lt;/td&gt;&lt;/tr&gt;&lt;tr&gt;&lt;td colspan="3"&gt;&lt;a href="browser/screenshot/robotframework-browser-screenshot-3.png" target="_blank"&gt;&lt;img src="browser/screenshot/robotframework-browser-screenshot-3.png" width="800px"/&gt;&lt;/a&gt;</msg>
<tag>PageContent</tag>
<doc>Takes a screenshot of the current window or element and saves it to disk.</doc>
<status status="PASS" start="2025-01-16T20:59:05.866997" elapsed="0.091693"/>
</kw>
<kw name="Close Browser" owner="Browser" type="TEARDOWN">
<msg time="2025-01-16T20:59:07.568723" level="INFO">Closed all browsers</msg>
<arg>ALL</arg>
<tag>BrowserControl</tag>
<tag>Setter</tag>
<doc>Closes the current browser.</doc>
<status status="PASS" start="2025-01-16T20:59:05.959691" elapsed="1.609541"/>
</kw>
<doc>Select 'Create an Account' link on Home Page &amp; verify user navigation to 'Create an Account' page</doc>
<tag>HomePage</tag>
<tag>MEC-4</tag>
<status status="PASS" start="2025-01-16T20:58:58.676585" elapsed="8.892670"/>
</test>
<test id="s1-s1-t5" name="TC05 - Verify Navigation to 'What's New' Page" line="43">
<kw name="Launch the Magento E-Commerce HomePage" owner="HomePage_Keywords" type="SETUP">
<kw name="Launch Magento Application" owner="BaseFile">
<kw name="New Browser" owner="Browser">
<msg time="2025-01-16T20:59:07.597747" level="INFO">{"browser": "firefox", "headless": false, "chromiumSandbox": false, "devtools": false, "handleSIGHUP": true, "handleSIGINT": true, "handleSIGTERM": true, "slowMo": 0.0, "timeout": 30000.0, "tracesDir": "D:\\a\\1\\s\\docs\\browser\\traces\\802bf4e3-ad6b-45ae-b9f7-152dfd9bd957"}</msg>
<msg time="2025-01-16T20:59:08.155728" level="INFO">Successfully created browser with options: {"browser":"firefox","headless":false,"chromiumSandbox":false,"devtools":false,"handleSIGHUP":true,"handleSIGINT":true,"handleSIGTERM":true,"slowMo":0,"timeout":30000,"tracesDir":"D:\\a\\1\\s\\docs\\browser\\traces\\802bf4e3-ad6b-45ae-b9f7-152dfd9bd957"}</msg>
<arg>${browser}</arg>
<arg>false</arg>
<tag>BrowserControl</tag>
<tag>Setter</tag>
<doc>Create a new playwright Browser with specified options.</doc>
<status status="PASS" start="2025-01-16T20:59:07.597747" elapsed="0.557981"/>
</kw>
<kw name="New Context" owner="Browser">
<msg time="2025-01-16T20:59:08.155728" level="INFO">{
  "acceptDownloads": true,
  "bypassCSP": false,
  "forcedColors": "none",
  "ignoreHTTPSErrors": false,
  "javaScriptEnabled": true,
  "offline": false,
  "reducedMotion": "no-preference",
  "serviceWorkers": "allow",
  "viewport": {
    "width": 1280,
    "height": 720
  }
}</msg>
<msg time="2025-01-16T20:59:08.234001" level="INFO">Successfully created context. </msg>
<msg time="2025-01-16T20:59:08.234001" level="INFO">{'acceptDownloads': True, 'bypassCSP': False, 'forcedColors': 'none', 'ignoreHTTPSErrors': False, 'javaScriptEnabled': True, 'offline': False, 'reducedMotion': 'no-preference', 'serviceWorkers': 'allow', 'viewport': {'width': 1280, 'height': 720}}</msg>
<tag>BrowserControl</tag>
<tag>Setter</tag>
<doc>Create a new BrowserContext with specified options.</doc>
<status status="PASS" start="2025-01-16T20:59:08.155728" elapsed="0.078273"/>
</kw>
<kw name="New Page" owner="Browser">
<msg time="2025-01-16T20:59:19.131332" level="INFO">Keyword 'Take Screenshot  fail-screenshot-{index}' could not be run on failure:
Error: Tried to take screenshot, but no page was open.</msg>
<msg time="2025-01-16T20:59:19.131332" level="INFO">See also file:///D:/a/1/s/docs/playwright-log.txt for additional details.</msg>
<msg time="2025-01-16T20:59:19.131332" level="FAIL">TimeoutError: page.goto: Timeout 10000ms exceeded.
Call log:
  [2m- navigating to "https://magento.softwaretestingboard.com/", waiting until "load"[22m

Tip: Use "Set Browser Timeout" for increasing the timeout.</msg>
<arg>${url}</arg>
<tag>BrowserControl</tag>
<tag>Setter</tag>
<doc>Open a new Page.</doc>
<status status="FAIL" start="2025-01-16T20:59:08.234001" elapsed="10.898333">TimeoutError: page.goto: Timeout 10000ms exceeded.
Call log:
  [2m- navigating to "https://magento.softwaretestingboard.com/", waiting until "load"[22m

Tip: Use "Set Browser Timeout" for increasing the timeout.</status>
</kw>
<arg>${BROWSER}</arg>
<arg>${APP_URL}</arg>
<doc>Launches the Magento Application into the desired browser for test execution</doc>
<status status="FAIL" start="2025-01-16T20:59:07.597747" elapsed="11.534587">TimeoutError: page.goto: Timeout 10000ms exceeded.
Call log:
  [2m- navigating to "https://magento.softwaretestingboard.com/", waiting until "load"[22m

Tip: Use "Set Browser Timeout" for increasing the timeout.</status>
</kw>
<doc>Method to Launch the Magento E-Commerce Home Page</doc>
<status status="FAIL" start="2025-01-16T20:59:07.597747" elapsed="11.535587">TimeoutError: page.goto: Timeout 10000ms exceeded.
Call log:
  [2m- navigating to "https://magento.softwaretestingboard.com/", waiting until "load"[22m

Tip: Use "Set Browser Timeout" for increasing the timeout.</status>
</kw>
<kw name="Close Browser" owner="Browser" type="TEARDOWN">
<msg time="2025-01-16T20:59:22.883376" level="INFO">Closed all browsers</msg>
<arg>ALL</arg>
<tag>BrowserControl</tag>
<tag>Setter</tag>
<doc>Closes the current browser.</doc>
<status status="PASS" start="2025-01-16T20:59:19.133334" elapsed="3.750042"/>
</kw>
<doc>Select 'Whats New' link on Home Page &amp; Verify user navigation for 'Whats New' page</doc>
<tag>HomePage</tag>
<tag>MEC-5</tag>
<status status="FAIL" start="2025-01-16T20:59:07.597747" elapsed="15.286156">Setup failed:
TimeoutError: page.goto: Timeout 10000ms exceeded.
Call log:
  [2m- navigating to "https://magento.softwaretestingboard.com/", waiting until "load"[22m

Tip: Use "Set Browser Timeout" for increasing the timeout.</status>
</test>
<status status="FAIL" start="2025-01-16T20:58:26.194665" elapsed="56.716362"/>
</suite>
<status status="FAIL" start="2025-01-16T20:58:26.170805" elapsed="56.768233"/>
</suite>
<statistics>
<total>
<stat pass="3" fail="2" skip="0">All Tests</stat>
</total>
<tag>
<stat pass="3" fail="2" skip="0">HomePage</stat>
<stat pass="0" fail="1" skip="0">MEC-1</stat>
<stat pass="1" fail="0" skip="0">MEC-2</stat>
<stat pass="1" fail="0" skip="0">MEC-3</stat>
<stat pass="1" fail="0" skip="0">MEC-4</stat>
<stat pass="0" fail="1" skip="0">MEC-5</stat>
</tag>
<suite>
<stat pass="3" fail="2" skip="0" id="s1" name="Magento Home Page CI Test execution">Magento Home Page CI Test execution</stat>
<stat pass="3" fail="2" skip="0" id="s1-s1" name="HomePage">Magento Home Page CI Test execution.HomePage</stat>
</suite>
</statistics>
<errors>
</errors>
</robot>
